<?xml version="1.0" encoding="UTF-8"?>
<testng-results ignored="0" total="1" passed="1" failed="0" skipped="0">
  <reporter-output>
  </reporter-output>
  <suite started-at="2020-01-07T16:37:33 IST" name="FIlename" finished-at="2020-01-07T16:37:42 IST" duration-ms="8922">
    <groups>
    </groups>
    <test started-at="2020-01-07T16:37:33 IST" name="filename-1" finished-at="2020-01-07T16:37:42 IST" duration-ms="8922">
      <class name="fileuploadcode.FileSelectCode">
        <test-method is-config="true" signature="setUp(java.lang.reflect.Method, org.testng.ITestContext)[pri:0, instance:fileuploadcode.FileSelectCode@23529fee]" started-at="2020-01-07T16:37:33 IST" name="setUp" finished-at="2020-01-07T16:37:40 IST" duration-ms="7226" status="PASS">
          <params>
            <param index="0">
              <value>
                <![CDATA[public void fileuploadcode.FileSelectCode.uploadFile(java.lang.String) throws java.io.IOException]]>
              </value>
            </param>
            <param index="1">
              <value>
                <![CDATA[org.testng.TestRunner@22d6f11]]>
              </value>
            </param>
          </params>
          <reporter-output>
          </reporter-output>
        </test-method> <!-- setUp -->
        <test-method signature="uploadFile(java.lang.String)[pri:1, instance:fileuploadcode.FileSelectCode@23529fee]" started-at="2020-01-07T16:37:40 IST" name="uploadFile" finished-at="2020-01-07T16:37:41 IST" duration-ms="871" status="PASS">
          <params>
            <param index="0">
              <value>
                <![CDATA[C:\Users\Sanjivani\Desktop\demo.txt]]>
              </value>
            </param>
          </params>
          <reporter-output>
          </reporter-output>
        </test-method> <!-- uploadFile -->
        <test-method is-config="true" signature="tearDown()[pri:0, instance:fileuploadcode.FileSelectCode@23529fee]" started-at="2020-01-07T16:37:41 IST" name="tearDown" finished-at="2020-01-07T16:37:42 IST" duration-ms="778" status="PASS">
          <reporter-output>
          </reporter-output>
        </test-method> <!-- tearDown -->
      </class> <!-- fileuploadcode.FileSelectCode -->
    </test> <!-- filename-1 -->
  </suite> <!-- FIlename -->
</testng-results>
